
(unity-scope-home:2370): unity-scope-home-WARNING **: scope.vala:235: Failed to get list of remote scopes: Request failed with error 2
Activating service name='com.ubuntu.OneConf'
Successfully activated service 'com.ubuntu.OneConf'
WARNING:oneconf.hosts:Error in loading other_hosts file: [Errno 2] No such file or directory: '/home/ryder/.cache/oneconf/9ca0b867d60f1b7c4e4edbc259d4add3/other_hosts'
Activating service name='com.ubuntu.sso'
Successfully activated service 'com.ubuntu.sso'

(unity-scope-home:2370): unity-scope-home-WARNING **: scope.vala:235: Failed to get list of remote scopes: Request failed with error 2

(unity-scope-home:2370): unity-scope-home-WARNING **: scope.vala:235: Failed to get list of remote scopes: Request failed with error 2

(unity-scope-home:2370): unity-scope-home-WARNING **: scope.vala:235: Failed to get list of remote scopes: Request failed with error 2

(unity-scope-home:2370): unity-scope-home-WARNING **: scope.vala:235: Failed to get list of remote scopes: Request failed with error 2
Activating service name='com.ubuntu.sso'
Successfully activated service 'com.ubuntu.sso'

(unity-scope-home:2370): unity-scope-home-WARNING **: scope.vala:235: Failed to get list of remote scopes: Request failed with error 2

(unity-scope-home:2370): unity-scope-home-WARNING **: scope.vala:235: Failed to get list of remote scopes: Request failed with error 2

(unity-scope-home:2370): unity-scope-home-WARNING **: scope.vala:235: Failed to get list of remote scopes: Request failed with error 2

(unity-scope-home:2370): unity-scope-home-WARNING **: scope.vala:235: Failed to get list of remote scopes: Request failed with error 2

(unity-scope-home:2370): unity-scope-home-WARNING **: scope.vala:235: Failed to get list of remote scopes: Request failed with error 2

(unity-scope-home:2370): unity-scope-home-WARNING **: scope.vala:235: Failed to get list of remote scopes: Request failed with error 2

(unity-scope-home:2370): unity-scope-home-WARNING **: scope.vala:235: Failed to get list of remote scopes: Request failed with error 2

(unity-scope-home:2370): unity-scope-home-WARNING **: scope.vala:235: Failed to get list of remote scopes: Request failed with error 2

(unity-scope-home:2370): unity-scope-home-WARNING **: scope.vala:235: Failed to get list of remote scopes: Request failed with error 2

(unity-scope-home:2370): unity-scope-home-WARNING **: scope.vala:235: Failed to get list of remote scopes: Request failed with error 2

(unity-scope-home:2370): unity-scope-home-WARNING **: scope.vala:235: Failed to get list of remote scopes: Request failed with error 2
module-cache-reaper-Message: Reaping abandoned data directories
module-cache-reaper-Message: Reaping abandoned cache directories

(unity-scope-home:2370): unity-scope-home-WARNING **: scope.vala:235: Failed to get list of remote scopes: Request failed with error 2

(unity-scope-home:2370): unity-scope-home-WARNING **: scope.vala:235: Failed to get list of remote scopes: Request failed with error 2

(unity-scope-home:2370): unity-scope-home-WARNING **: scope.vala:235: Failed to get list of remote scopes: Request failed with error 2

(unity-scope-home:2370): unity-scope-home-WARNING **: scope.vala:235: Failed to get list of remote scopes: Request failed with error 2

(unity-scope-home:2370): unity-scope-home-WARNING **: scope.vala:235: Failed to get list of remote scopes: Request failed with error 2

(unity-scope-home:2370): unity-scope-home-WARNING **: scope.vala:235: Failed to get list of remote scopes: Request failed with error 2

(unity-scope-home:2370): unity-scope-home-WARNING **: scope.vala:235: Failed to get list of remote scopes: Request failed with error 2

(unity-scope-home:2370): unity-scope-home-WARNING **: scope.vala:235: Failed to get list of remote scopes: Request failed with error 2

(unity-scope-home:2370): unity-scope-home-WARNING **: scope.vala:235: Failed to get list of remote scopes: Request failed with error 2

(unity-scope-home:2370): unity-scope-home-WARNING **: scope.vala:235: Failed to get list of remote scopes: Request failed with error 2

(unity-scope-home:2370): unity-scope-home-WARNING **: scope.vala:235: Failed to get list of remote scopes: Request failed with error 2

(unity-scope-home:2370): unity-scope-home-WARNING **: scope.vala:235: Failed to get list of remote scopes: Request failed with error 2

(unity-scope-home:2370): unity-scope-home-WARNING **: scope.vala:235: Failed to get list of remote scopes: Request failed with error 2

(unity-scope-home:2370): unity-scope-home-WARNING **: scope.vala:235: Failed to get list of remote scopes: Request failed with error 2
Activating service name='com.ubuntu.OneConf'
Successfully activated service 'com.ubuntu.OneConf'
WARNING:oneconf.hosts:Error in loading other_hosts file: [Errno 2] No such file or directory: '/home/ryder/.cache/oneconf/9ca0b867d60f1b7c4e4edbc259d4add3/other_hosts'
Activating service name='com.ubuntu.sso'
Successfully activated service 'com.ubuntu.sso'

(unity-scope-home:2370): unity-scope-home-WARNING **: scope.vala:235: Failed to get list of remote scopes: Request failed with error 2

(unity-scope-home:2370): unity-scope-home-WARNING **: scope.vala:235: Failed to get list of remote scopes: Request failed with error 2
Activating service name='com.ubuntu.sso'
Successfully activated service 'com.ubuntu.sso'

(unity-scope-home:2370): unity-scope-home-WARNING **: scope.vala:235: Failed to get list of remote scopes: Request failed with error 2

(unity-scope-home:2370): unity-scope-home-WARNING **: scope.vala:235: Failed to get list of remote scopes: Request failed with error 2

(unity-scope-home:2370): unity-scope-home-WARNING **: scope.vala:235: Failed to get list of remote scopes: Request failed with error 2

(unity-scope-home:2370): unity-scope-home-WARNING **: scope.vala:235: Failed to get list of remote scopes: Request failed with error 2

(unity-scope-home:2370): unity-scope-home-WARNING **: scope.vala:235: Failed to get list of remote scopes: Request failed with error 2

(unity-scope-home:2370): unity-scope-home-WARNING **: scope.vala:235: Failed to get list of remote scopes: Request failed with error 2

(unity-scope-home:2370): unity-scope-home-WARNING **: scope.vala:235: Failed to get list of remote scopes: Request failed with error 2

(unity-scope-home:2370): unity-scope-home-WARNING **: scope.vala:235: Failed to get list of remote scopes: Request failed with error 2

(unity-scope-home:2370): unity-scope-home-WARNING **: scope.vala:235: Failed to get list of remote scopes: Request failed with error 2

(unity-scope-home:2370): unity-scope-home-WARNING **: scope.vala:235: Failed to get list of remote scopes: Request failed with error 2

(unity-scope-home:2370): unity-scope-home-WARNING **: scope.vala:235: Failed to get list of remote scopes: Request failed with error 2
